Change Component Comment : Designator=R7 Old Comment=Comment New Comment=1k8
Change Component Comment : Designator=R8 Old Comment=Comment New Comment=1k8
Change Component Comment : Designator=R9 Old Comment=Comment New Comment=10k
Change Component Comment : Designator=R10 Old Comment=Comment New Comment=10k
Change Component Comment : Designator=R11 Old Comment=Comment New Comment=10k
Change Component Comment : Designator=R12 Old Comment=Comment New Comment=10k
Change Component Comment : Designator=R13 Old Comment=Comment New Comment=10k
Change Component Comment : Designator=R14 Old Comment=Comment New Comment=10k
Change Component Comment : Designator=R15 Old Comment=Comment New Comment=10k
Change Component Comment : Designator=R16 Old Comment=Comment New Comment=10k
Change Component Comment : Designator=R17 Old Comment=Comment New Comment=10k
Change Component Comment : Designator=R18 Old Comment=Comment New Comment=10k
Change Component Comment : Designator=R19 Old Comment=Comment New Comment=10k
Change Component Comment : Designator=R20 Old Comment=Comment New Comment=10k
Change Component Comment : Designator=C13 Old Comment=Comment New Comment=33pF
Change Component Comment : Designator=C14 Old Comment=Comment New Comment=33pF
Change Component Comment : Designator=C15 Old Comment=Comment New Comment=33pF
Change Component Comment : Designator=C16 Old Comment=Comment New Comment=33pF
Change Component Comment : Designator=C17 Old Comment=Comment New Comment=33pF
Change Component Comment : Designator=C18 Old Comment=Comment New Comment=33pF
Change Component Comment : Designator=C19 Old Comment=Comment New Comment=33pF
Change Component Comment : Designator=C20 Old Comment=Comment New Comment=33pF
Change Component Comment : Designator=C21 Old Comment=Comment New Comment=33pF
Change Component Comment : Designator=C22 Old Comment=Comment New Comment=33pF
Change Component Comment : Designator=U14 Old Comment=Comment New Comment=74AHC1G02
Change Component Comment : Designator=U15 Old Comment=Comment New Comment=74AHC1G02
Change Component Comment : Designator=U8 Old Comment=Comment New Comment=74AHC1G08
Change Component Comment : Designator=U9 Old Comment=Comment New Comment=74AHC1G08
Change Component Comment : Designator=U16 Old Comment=Comment New Comment=74LVC1G19
Change Component Comment : Designator=U6 Old Comment=Comment New Comment=74LVC1G58
Change Component Comment : Designator=U7 Old Comment=Comment New Comment=74LVC1G58
Change Component Comment : Designator=U10 Old Comment=Comment New Comment=74LVC1G58
Change Component Comment : Designator=U11 Old Comment=Comment New Comment=74LVC1G58
Change Component Comment : Designator=U12 Old Comment=Comment New Comment=74LVC1G58
Change Component Comment : Designator=U13 Old Comment=Comment New Comment=74LVC1G58
Change Component Comment : Designator=C1 Old Comment=Comment New Comment=100nF
Change Component Comment : Designator=C2 Old Comment=Comment New Comment=100nF
Change Component Comment : Designator=C3 Old Comment=Comment New Comment=100nF
Change Component Comment : Designator=C4 Old Comment=Comment New Comment=100nF
Change Component Comment : Designator=C5 Old Comment=Comment New Comment=100nF
Change Component Comment : Designator=C6 Old Comment=Comment New Comment=100nF
Change Component Comment : Designator=C7 Old Comment=Comment New Comment=100nF
Change Component Comment : Designator=C8 Old Comment=Comment New Comment=100nF
Change Component Comment : Designator=C9 Old Comment=Comment New Comment=100nF
Change Component Comment : Designator=C10 Old Comment=Comment New Comment=100nF
Change Component Comment : Designator=C11 Old Comment=Comment New Comment=100nF
Change Component Comment : Designator=C12 Old Comment=Comment New Comment=100nF
Change Component Comment : Designator=C23 Old Comment=Comment New Comment=100nF
Change Component Comment : Designator=C24 Old Comment=Comment New Comment=100nF
Change Component Comment : Designator=C25 Old Comment=Comment New Comment=100nF
Change Component Comment : Designator=C26 Old Comment=Comment New Comment=100nF
Change Component Comment : Designator=C27 Old Comment=Comment New Comment=100nF
Change Component Comment : Designator=C28 Old Comment=Comment New Comment=100nF
Change Component Comment : Designator=C29 Old Comment=Comment New Comment=100nF
Change Component Comment : Designator=C30 Old Comment=Comment New Comment=100nF
Change Component Comment : Designator=C31 Old Comment=Comment New Comment=100nF
Change Component Comment : Designator=C32 Old Comment=Comment New Comment=100nF
Change Component Comment : Designator=C33 Old Comment=Comment New Comment=100nF
Change Component Comment : Designator=C34 Old Comment=Comment New Comment=100nF
Change Component Comment : Designator=C35 Old Comment=Comment New Comment=100nF
Change Component Comment : Designator=R1 Old Comment=Comment New Comment=330
Change Component Comment : Designator=R2 Old Comment=Comment New Comment=330
Change Component Comment : Designator=R3 Old Comment=Comment New Comment=330
Change Component Comment : Designator=R4 Old Comment=Comment New Comment=330
Change Component Comment : Designator=R5 Old Comment=Comment New Comment=330
Change Component Comment : Designator=R6 Old Comment=Comment New Comment=330
Change Component Comment : Designator=P1 Old Comment=Comment New Comment=ADDRESS
Change Component Comment : Designator=P9 Old Comment=Comment New Comment=BASEBAND
Change Component Comment : Designator=TP1 Old Comment=Comment New Comment=CONN_1
Change Component Comment : Designator=TP2 Old Comment=Comment New Comment=CONN_1
Change Component Comment : Designator=TP3 Old Comment=Comment New Comment=CONN_1
Change Component Comment : Designator=TP4 Old Comment=Comment New Comment=CONN_1
Change Component Comment : Designator=TP5 Old Comment=Comment New Comment=CONN_1
Change Component Comment : Designator=TP6 Old Comment=Comment New Comment=CONN_1
Change Component Comment : Designator=TP7 Old Comment=Comment New Comment=CONN_1
Change Component Comment : Designator=TP8 Old Comment=Comment New Comment=CONN_1
Change Component Comment : Designator=TP9 Old Comment=Comment New Comment=CONN_1
Change Component Comment : Designator=TP10 Old Comment=Comment New Comment=CONN_1
Change Component Comment : Designator=TP11 Old Comment=Comment New Comment=CONN_1
Change Component Comment : Designator=TP12 Old Comment=Comment New Comment=CONN_1
Change Component Comment : Designator=TP13 Old Comment=Comment New Comment=CONN_1
Change Component Comment : Designator=TP14 Old Comment=Comment New Comment=CONN_1
Change Component Comment : Designator=TP15 Old Comment=Comment New Comment=CONN_1
Change Component Comment : Designator=TP16 Old Comment=Comment New Comment=CONN_1
Change Component Comment : Designator=TP17 Old Comment=Comment New Comment=CONN_1
Change Component Comment : Designator=TP18 Old Comment=Comment New Comment=CONN_1
Change Component Comment : Designator=TP19 Old Comment=Comment New Comment=CONN_1
Change Component Comment : Designator=TP20 Old Comment=Comment New Comment=CONN_1
Change Component Comment : Designator=TP21 Old Comment=Comment New Comment=CONN_1
Change Component Comment : Designator=TP22 Old Comment=Comment New Comment=CONN_1
Change Component Comment : Designator=TP23 Old Comment=Comment New Comment=CONN_1
Change Component Comment : Designator=TP24 Old Comment=Comment New Comment=CONN_1
Change Component Comment : Designator=TP25 Old Comment=Comment New Comment=CONN_1
Change Component Comment : Designator=TP26 Old Comment=Comment New Comment=CONN_1
Change Component Comment : Designator=TP27 Old Comment=Comment New Comment=CONN_1
Change Component Comment : Designator=TP28 Old Comment=Comment New Comment=CONN_1
Change Component Comment : Designator=TP29 Old Comment=Comment New Comment=CONN_1
Change Component Comment : Designator=TP30 Old Comment=Comment New Comment=CONN_1
Change Component Comment : Designator=J1 Old Comment=Comment New Comment=CONN_02X20
Change Component Comment : Designator=J2 Old Comment=Comment New Comment=CONN_02X20
Change Component Comment : Designator=P20 Old Comment=Comment New Comment=GPIO
Change Component Comment : Designator=D1 Old Comment=Comment New Comment=GSG-DIODE-TVS-BI
Change Component Comment : Designator=D2 Old Comment=Comment New Comment=GSG-DIODE-TVS-BI
Change Component Comment : Designator=D3 Old Comment=Comment New Comment=GSG-DIODE-TVS-BI
Change Component Comment : Designator=D4 Old Comment=Comment New Comment=GSG-DIODE-TVS-BI
Change Component Comment : Designator=D5 Old Comment=Comment New Comment=GSG-DIODE-TVS-BI
Change Component Comment : Designator=D6 Old Comment=Comment New Comment=GSG-DIODE-TVS-BI
Change Component Comment : Designator=D7 Old Comment=Comment New Comment=GSG-DIODE-TVS-BI
Change Component Comment : Designator=D8 Old Comment=Comment New Comment=GSG-DIODE-TVS-BI
Change Component Comment : Designator=D9 Old Comment=Comment New Comment=GSG-DIODE-TVS-BI
Change Component Comment : Designator=D10 Old Comment=Comment New Comment=GSG-DIODE-TVS-BI
Change Component Comment : Designator=PA0 Old Comment=Comment New Comment=GSG-RF-CONN
Change Component Comment : Designator=PA1 Old Comment=Comment New Comment=GSG-RF-CONN
Change Component Comment : Designator=PA2 Old Comment=Comment New Comment=GSG-RF-CONN
Change Component Comment : Designator=PA3 Old Comment=Comment New Comment=GSG-RF-CONN
Change Component Comment : Designator=PA4 Old Comment=Comment New Comment=GSG-RF-CONN
Change Component Comment : Designator=PB0 Old Comment=Comment New Comment=GSG-RF-CONN
Change Component Comment : Designator=PB1 Old Comment=Comment New Comment=GSG-RF-CONN
Change Component Comment : Designator=PB2 Old Comment=Comment New Comment=GSG-RF-CONN
Change Component Comment : Designator=PB3 Old Comment=Comment New Comment=GSG-RF-CONN
Change Component Comment : Designator=PB4 Old Comment=Comment New Comment=GSG-RF-CONN
Change Component Comment : Designator=P22 Old Comment=Comment New Comment=I2S
Change Component Comment : Designator=DA0 Old Comment=Comment New Comment=LED
Change Component Comment : Designator=DAG1 Old Comment=Comment New Comment=LED
Change Component Comment : Designator=DAG2 Old Comment=Comment New Comment=LED
Change Component Comment : Designator=DAG3 Old Comment=Comment New Comment=LED
Change Component Comment : Designator=DAG4 Old Comment=Comment New Comment=LED
Change Component Comment : Designator=DAY1 Old Comment=Comment New Comment=LED
Change Component Comment : Designator=DAY2 Old Comment=Comment New Comment=LED
Change Component Comment : Designator=DAY3 Old Comment=Comment New Comment=LED
Change Component Comment : Designator=DAY4 Old Comment=Comment New Comment=LED
Change Component Comment : Designator=DB0 Old Comment=Comment New Comment=LED
Change Component Comment : Designator=DBG1 Old Comment=Comment New Comment=LED
Change Component Comment : Designator=DBG2 Old Comment=Comment New Comment=LED
Change Component Comment : Designator=DBG3 Old Comment=Comment New Comment=LED
Change Component Comment : Designator=DBG4 Old Comment=Comment New Comment=LED
Change Component Comment : Designator=DBY1 Old Comment=Comment New Comment=LED
Change Component Comment : Designator=DBY2 Old Comment=Comment New Comment=LED
Change Component Comment : Designator=DBY3 Old Comment=Comment New Comment=LED
Change Component Comment : Designator=DBY4 Old Comment=Comment New Comment=LED
Change Component Comment : Designator=U1 Old Comment=Comment New Comment=MASWSS0129
Change Component Comment : Designator=MH1 Old Comment=Comment New Comment=MOUNTING_HOLE
Change Component Comment : Designator=MH2 Old Comment=Comment New Comment=MOUNTING_HOLE
Change Component Comment : Designator=MH3 Old Comment=Comment New Comment=MOUNTING_HOLE
Change Component Comment : Designator=MH4 Old Comment=Comment New Comment=MOUNTING_HOLE
Change Component Comment : Designator=MH5 Old Comment=Comment New Comment=MOUNTING_HOLE
Change Component Comment : Designator=MH6 Old Comment=Comment New Comment=MOUNTING_HOLE
Change Component Comment : Designator=U4 Old Comment=Comment New Comment=PCA9557
Change Component Comment : Designator=P28 Old Comment=Comment New Comment=SD
Change Component Comment : Designator=U2 Old Comment=Comment New Comment=SKY13322
Change Component Comment : Designator=U3 Old Comment=Comment New Comment=SKY13322
Change Component Comment : Designator=U5 Old Comment=Comment New Comment=TC7MBL3245CFT
Added Pin To Net: NetName=!LED_EN Pin=R5-2
Added Pin To Net: NetName=!LED_EN Pin=R6-2
Added Pin To Net: NetName=!LED_EN Pin=R9-2
Added Pin To Net: NetName=!LED_EN Pin=TP6-1
Added Pin To Net: NetName=!LED_EN Pin=U4-6
Added Net: Name=!LED_EN
Added Pin To Net: NetName=!OE Pin=R11-1
Added Pin To Net: NetName=!OE Pin=TP8-1
Added Pin To Net: NetName=!OE Pin=U4-14
Added Pin To Net: NetName=!OE Pin=U5-19
Added Net: Name=!OE
Added Pin To Net: NetName=!RESET Pin=R10-1
Added Pin To Net: NetName=!RESET Pin=TP7-1
Added Pin To Net: NetName=!RESET Pin=U4-15
Added Net: Name=!RESET
Added Pin To Net: NetName=A0 Pin=P1-2
Added Pin To Net: NetName=A0 Pin=R17-1
Added Pin To Net: NetName=A0 Pin=TP28-1
Added Pin To Net: NetName=A0 Pin=U4-3
Added Net: Name=A0
Added Pin To Net: NetName=A1 Pin=P1-4
Added Pin To Net: NetName=A1 Pin=R18-1
Added Pin To Net: NetName=A1 Pin=TP29-1
Added Pin To Net: NetName=A1 Pin=U4-4
Added Net: Name=A1
Added Pin To Net: NetName=A2 Pin=P1-6
Added Pin To Net: NetName=A2 Pin=R19-1
Added Pin To Net: NetName=A2 Pin=TP30-1
Added Pin To Net: NetName=A2 Pin=U4-5
Added Net: Name=A2
Added Pin To Net: NetName=EXT_U1CTRL Pin=J2-6
Added Pin To Net: NetName=EXT_U1CTRL Pin=P20-5
Added Pin To Net: NetName=EXT_U1CTRL Pin=TP5-1
Added Pin To Net: NetName=EXT_U1CTRL Pin=U5-6
Added Net: Name=EXT_U1CTRL
Added Pin To Net: NetName=EXT_U2CTRL0 Pin=J2-9
Added Pin To Net: NetName=EXT_U2CTRL0 Pin=P20-9
Added Pin To Net: NetName=EXT_U2CTRL0 Pin=TP2-1
Added Pin To Net: NetName=EXT_U2CTRL0 Pin=U5-3
Added Net: Name=EXT_U2CTRL0
Added Pin To Net: NetName=EXT_U2CTRL1 Pin=J2-10
Added Pin To Net: NetName=EXT_U2CTRL1 Pin=P20-10
Added Pin To Net: NetName=EXT_U2CTRL1 Pin=TP1-1
Added Pin To Net: NetName=EXT_U2CTRL1 Pin=U5-2
Added Net: Name=EXT_U2CTRL1
Added Pin To Net: NetName=EXT_U3CTRL0 Pin=J2-7
Added Pin To Net: NetName=EXT_U3CTRL0 Pin=P20-11
Added Pin To Net: NetName=EXT_U3CTRL0 Pin=TP4-1
Added Pin To Net: NetName=EXT_U3CTRL0 Pin=U5-5
Added Net: Name=EXT_U3CTRL0
Added Pin To Net: NetName=EXT_U3CTRL1 Pin=J2-8
Added Pin To Net: NetName=EXT_U3CTRL1 Pin=P20-12
Added Pin To Net: NetName=EXT_U3CTRL1 Pin=TP3-1
Added Pin To Net: NetName=EXT_U3CTRL1 Pin=U5-4
Added Net: Name=EXT_U3CTRL1
Added Pin To Net: NetName=GND Pin=C13-2
Added Pin To Net: NetName=GND Pin=C14-2
Added Pin To Net: NetName=GND Pin=C15-1
Added Pin To Net: NetName=GND Pin=C16-1
Added Pin To Net: NetName=GND Pin=C17-1
Added Pin To Net: NetName=GND Pin=C18-1
Added Pin To Net: NetName=GND Pin=C19-2
Added Pin To Net: NetName=GND Pin=C20-2
Added Pin To Net: NetName=GND Pin=C21-1
Added Pin To Net: NetName=GND Pin=C22-1
Added Pin To Net: NetName=GND Pin=C23-1
Added Pin To Net: NetName=GND Pin=C24-1
Added Pin To Net: NetName=GND Pin=C25-1
Added Pin To Net: NetName=GND Pin=C26-1
Added Pin To Net: NetName=GND Pin=C27-1
Added Pin To Net: NetName=GND Pin=C28-1
Added Pin To Net: NetName=GND Pin=C29-1
Added Pin To Net: NetName=GND Pin=C30-1
Added Pin To Net: NetName=GND Pin=C31-1
Added Pin To Net: NetName=GND Pin=C32-1
Added Pin To Net: NetName=GND Pin=C33-1
Added Pin To Net: NetName=GND Pin=C34-1
Added Pin To Net: NetName=GND Pin=C35-1
Added Pin To Net: NetName=GND Pin=D1-2
Added Pin To Net: NetName=GND Pin=D2-2
Added Pin To Net: NetName=GND Pin=D3-2
Added Pin To Net: NetName=GND Pin=D4-2
Added Pin To Net: NetName=GND Pin=D5-2
Added Pin To Net: NetName=GND Pin=D6-2
Added Pin To Net: NetName=GND Pin=D7-2
Added Pin To Net: NetName=GND Pin=D8-2
Added Pin To Net: NetName=GND Pin=D9-2
Added Pin To Net: NetName=GND Pin=D10-2
Added Pin To Net: NetName=GND Pin=J1-1
Added Pin To Net: NetName=GND Pin=J2-1
Added Pin To Net: NetName=GND Pin=MH1-1
Added Pin To Net: NetName=GND Pin=MH1-1
Added Pin To Net: NetName=GND Pin=MH1-1
Added Pin To Net: NetName=GND Pin=MH1-1
Added Pin To Net: NetName=GND Pin=MH1-1
Added Pin To Net: NetName=GND Pin=MH1-1
Added Pin To Net: NetName=GND Pin=MH1-1
Added Pin To Net: NetName=GND Pin=MH1-1
Added Pin To Net: NetName=GND Pin=MH1-1
Added Pin To Net: NetName=GND Pin=MH2-1
Added Pin To Net: NetName=GND Pin=MH2-1
Added Pin To Net: NetName=GND Pin=MH2-1
Added Pin To Net: NetName=GND Pin=MH2-1
Added Pin To Net: NetName=GND Pin=MH2-1
Added Pin To Net: NetName=GND Pin=MH2-1
Added Pin To Net: NetName=GND Pin=MH2-1
Added Pin To Net: NetName=GND Pin=MH2-1
Added Pin To Net: NetName=GND Pin=MH2-1
Added Pin To Net: NetName=GND Pin=MH3-1
Added Pin To Net: NetName=GND Pin=MH3-1
Added Pin To Net: NetName=GND Pin=MH3-1
Added Pin To Net: NetName=GND Pin=MH3-1
Added Pin To Net: NetName=GND Pin=MH3-1
Added Pin To Net: NetName=GND Pin=MH3-1
Added Pin To Net: NetName=GND Pin=MH3-1
Added Pin To Net: NetName=GND Pin=MH3-1
Added Pin To Net: NetName=GND Pin=MH3-1
Added Pin To Net: NetName=GND Pin=MH4-1
Added Pin To Net: NetName=GND Pin=MH4-1
Added Pin To Net: NetName=GND Pin=MH4-1
Added Pin To Net: NetName=GND Pin=MH4-1
Added Pin To Net: NetName=GND Pin=MH4-1
Added Pin To Net: NetName=GND Pin=MH4-1
Added Pin To Net: NetName=GND Pin=MH4-1
Added Pin To Net: NetName=GND Pin=MH4-1
Added Pin To Net: NetName=GND Pin=MH4-1
Added Pin To Net: NetName=GND Pin=MH5-1
Added Pin To Net: NetName=GND Pin=MH5-1
Added Pin To Net: NetName=GND Pin=MH5-1
Added Pin To Net: NetName=GND Pin=MH5-1
Added Pin To Net: NetName=GND Pin=MH5-1
Added Pin To Net: NetName=GND Pin=MH5-1
Added Pin To Net: NetName=GND Pin=MH5-1
Added Pin To Net: NetName=GND Pin=MH5-1
Added Pin To Net: NetName=GND Pin=MH5-1
Added Pin To Net: NetName=GND Pin=MH6-1
Added Pin To Net: NetName=GND Pin=MH6-1
Added Pin To Net: NetName=GND Pin=MH6-1
Added Pin To Net: NetName=GND Pin=MH6-1
Added Pin To Net: NetName=GND Pin=MH6-1
Added Pin To Net: NetName=GND Pin=MH6-1
Added Pin To Net: NetName=GND Pin=MH6-1
Added Pin To Net: NetName=GND Pin=MH6-1
Added Pin To Net: NetName=GND Pin=MH6-1
Added Pin To Net: NetName=GND Pin=P9-1
Added Pin To Net: NetName=GND Pin=P9-2
Added Pin To Net: NetName=GND Pin=P9-3
Added Pin To Net: NetName=GND Pin=P9-8
Added Pin To Net: NetName=GND Pin=P9-9
Added Pin To Net: NetName=GND Pin=P9-14
Added Pin To Net: NetName=GND Pin=P9-15
Added Pin To Net: NetName=GND Pin=P9-16
Added Pin To Net: NetName=GND Pin=P20-15
Added Pin To Net: NetName=GND Pin=P20-19
Added Pin To Net: NetName=GND Pin=P22-4
Added Pin To Net: NetName=GND Pin=P22-10
Added Pin To Net: NetName=GND Pin=P22-18
Added Pin To Net: NetName=GND Pin=P28-2
Added Pin To Net: NetName=GND Pin=P28-12
Added Pin To Net: NetName=GND Pin=PA0-2
Added Pin To Net: NetName=GND Pin=PA0-2
Added Pin To Net: NetName=GND Pin=PA0-2
Added Pin To Net: NetName=GND Pin=PA0-2
Added Pin To Net: NetName=GND Pin=PA0-2
Added Pin To Net: NetName=GND Pin=PA0-2
Added Pin To Net: NetName=GND Pin=PA0-2
Added Pin To Net: NetName=GND Pin=PA0-2
Added Pin To Net: NetName=GND Pin=PA0-2
Added Pin To Net: NetName=GND Pin=PA0-2
Added Pin To Net: NetName=GND Pin=PA0-2
Added Pin To Net: NetName=GND Pin=PA0-2
Added Pin To Net: NetName=GND Pin=PA0-2
Added Pin To Net: NetName=GND Pin=PA0-2
Added Pin To Net: NetName=GND Pin=PA0-2
Added Pin To Net: NetName=GND Pin=PA0-2
Added Pin To Net: NetName=GND Pin=PA0-2
Added Pin To Net: NetName=GND Pin=PA0-2
Added Pin To Net: NetName=GND Pin=PA0-2
Added Pin To Net: NetName=GND Pin=PA0-2
Added Pin To Net: NetName=GND Pin=PA0-2
Added Pin To Net: NetName=GND Pin=PA0-2
Added Pin To Net: NetName=GND Pin=PA1-2
Added Pin To Net: NetName=GND Pin=PA1-2
Added Pin To Net: NetName=GND Pin=PA1-2
Added Pin To Net: NetName=GND Pin=PA1-2
Added Pin To Net: NetName=GND Pin=PA1-2
Added Pin To Net: NetName=GND Pin=PA1-2
Added Pin To Net: NetName=GND Pin=PA1-2
Added Pin To Net: NetName=GND Pin=PA1-2
Added Pin To Net: NetName=GND Pin=PA1-2
Added Pin To Net: NetName=GND Pin=PA1-2
Added Pin To Net: NetName=GND Pin=PA1-2
Added Pin To Net: NetName=GND Pin=PA1-2
Added Pin To Net: NetName=GND Pin=PA1-2
Added Pin To Net: NetName=GND Pin=PA1-2
Added Pin To Net: NetName=GND Pin=PA1-2
Added Pin To Net: NetName=GND Pin=PA1-2
Added Pin To Net: NetName=GND Pin=PA1-2
Added Pin To Net: NetName=GND Pin=PA1-2
Added Pin To Net: NetName=GND Pin=PA1-2
Added Pin To Net: NetName=GND Pin=PA1-2
Added Pin To Net: NetName=GND Pin=PA1-2
Added Pin To Net: NetName=GND Pin=PA1-2
Added Pin To Net: NetName=GND Pin=PA2-2
Added Pin To Net: NetName=GND Pin=PA2-2
Added Pin To Net: NetName=GND Pin=PA2-2
Added Pin To Net: NetName=GND Pin=PA2-2
Added Pin To Net: NetName=GND Pin=PA2-2
Added Pin To Net: NetName=GND Pin=PA2-2
Added Pin To Net: NetName=GND Pin=PA2-2
Added Pin To Net: NetName=GND Pin=PA2-2
Added Pin To Net: NetName=GND Pin=PA2-2
Added Pin To Net: NetName=GND Pin=PA2-2
Added Pin To Net: NetName=GND Pin=PA2-2
Added Pin To Net: NetName=GND Pin=PA2-2
Added Pin To Net: NetName=GND Pin=PA2-2
Added Pin To Net: NetName=GND Pin=PA2-2
Added Pin To Net: NetName=GND Pin=PA2-2
Added Pin To Net: NetName=GND Pin=PA2-2
Added Pin To Net: NetName=GND Pin=PA2-2
Added Pin To Net: NetName=GND Pin=PA2-2
Added Pin To Net: NetName=GND Pin=PA2-2
Added Pin To Net: NetName=GND Pin=PA2-2
Added Pin To Net: NetName=GND Pin=PA2-2
Added Pin To Net: NetName=GND Pin=PA2-2
Added Pin To Net: NetName=GND Pin=PA3-2
Added Pin To Net: NetName=GND Pin=PA3-2
Added Pin To Net: NetName=GND Pin=PA3-2
Added Pin To Net: NetName=GND Pin=PA3-2
Added Pin To Net: NetName=GND Pin=PA3-2
Added Pin To Net: NetName=GND Pin=PA3-2
Added Pin To Net: NetName=GND Pin=PA3-2
Added Pin To Net: NetName=GND Pin=PA3-2
Added Pin To Net: NetName=GND Pin=PA3-2
Added Pin To Net: NetName=GND Pin=PA3-2
Added Pin To Net: NetName=GND Pin=PA3-2
Added Pin To Net: NetName=GND Pin=PA3-2
Added Pin To Net: NetName=GND Pin=PA3-2
Added Pin To Net: NetName=GND Pin=PA3-2
Added Pin To Net: NetName=GND Pin=PA3-2
Added Pin To Net: NetName=GND Pin=PA3-2
Added Pin To Net: NetName=GND Pin=PA3-2
Added Pin To Net: NetName=GND Pin=PA3-2
Added Pin To Net: NetName=GND Pin=PA3-2
Added Pin To Net: NetName=GND Pin=PA3-2
Added Pin To Net: NetName=GND Pin=PA3-2
Added Pin To Net: NetName=GND Pin=PA3-2
Added Pin To Net: NetName=GND Pin=PA4-2
Added Pin To Net: NetName=GND Pin=PA4-2
Added Pin To Net: NetName=GND Pin=PA4-2
Added Pin To Net: NetName=GND Pin=PA4-2
Added Pin To Net: NetName=GND Pin=PA4-2
Added Pin To Net: NetName=GND Pin=PA4-2
Added Pin To Net: NetName=GND Pin=PA4-2
Added Pin To Net: NetName=GND Pin=PA4-2
Added Pin To Net: NetName=GND Pin=PA4-2
Added Pin To Net: NetName=GND Pin=PA4-2
Added Pin To Net: NetName=GND Pin=PA4-2
Added Pin To Net: NetName=GND Pin=PA4-2
Added Pin To Net: NetName=GND Pin=PA4-2
Added Pin To Net: NetName=GND Pin=PA4-2
Added Pin To Net: NetName=GND Pin=PA4-2
Added Pin To Net: NetName=GND Pin=PA4-2
Added Pin To Net: NetName=GND Pin=PA4-2
Added Pin To Net: NetName=GND Pin=PA4-2
Added Pin To Net: NetName=GND Pin=PA4-2
Added Pin To Net: NetName=GND Pin=PA4-2
Added Pin To Net: NetName=GND Pin=PA4-2
Added Pin To Net: NetName=GND Pin=PA4-2
Added Pin To Net: NetName=GND Pin=PB0-2
Added Pin To Net: NetName=GND Pin=PB0-2
Added Pin To Net: NetName=GND Pin=PB0-2
Added Pin To Net: NetName=GND Pin=PB0-2
Added Pin To Net: NetName=GND Pin=PB0-2
Added Pin To Net: NetName=GND Pin=PB0-2
Added Pin To Net: NetName=GND Pin=PB0-2
Added Pin To Net: NetName=GND Pin=PB0-2
Added Pin To Net: NetName=GND Pin=PB0-2
Added Pin To Net: NetName=GND Pin=PB0-2
Added Pin To Net: NetName=GND Pin=PB0-2
Added Pin To Net: NetName=GND Pin=PB0-2
Added Pin To Net: NetName=GND Pin=PB0-2
Added Pin To Net: NetName=GND Pin=PB0-2
Added Pin To Net: NetName=GND Pin=PB0-2
Added Pin To Net: NetName=GND Pin=PB0-2
Added Pin To Net: NetName=GND Pin=PB0-2
Added Pin To Net: NetName=GND Pin=PB0-2
Added Pin To Net: NetName=GND Pin=PB0-2
Added Pin To Net: NetName=GND Pin=PB0-2
Added Pin To Net: NetName=GND Pin=PB0-2
Added Pin To Net: NetName=GND Pin=PB0-2
Added Pin To Net: NetName=GND Pin=PB1-2
Added Pin To Net: NetName=GND Pin=PB1-2
Added Pin To Net: NetName=GND Pin=PB1-2
Added Pin To Net: NetName=GND Pin=PB1-2
Added Pin To Net: NetName=GND Pin=PB1-2
Added Pin To Net: NetName=GND Pin=PB1-2
Added Pin To Net: NetName=GND Pin=PB1-2
Added Pin To Net: NetName=GND Pin=PB1-2
Added Pin To Net: NetName=GND Pin=PB1-2
Added Pin To Net: NetName=GND Pin=PB1-2
Added Pin To Net: NetName=GND Pin=PB1-2
Added Pin To Net: NetName=GND Pin=PB1-2
Added Pin To Net: NetName=GND Pin=PB1-2
Added Pin To Net: NetName=GND Pin=PB1-2
Added Pin To Net: NetName=GND Pin=PB1-2
Added Pin To Net: NetName=GND Pin=PB1-2
Added Pin To Net: NetName=GND Pin=PB1-2
Added Pin To Net: NetName=GND Pin=PB1-2
Added Pin To Net: NetName=GND Pin=PB1-2
Added Pin To Net: NetName=GND Pin=PB1-2
Added Pin To Net: NetName=GND Pin=PB1-2
Added Pin To Net: NetName=GND Pin=PB1-2
Added Pin To Net: NetName=GND Pin=PB2-2
Added Pin To Net: NetName=GND Pin=PB2-2
Added Pin To Net: NetName=GND Pin=PB2-2
Added Pin To Net: NetName=GND Pin=PB2-2
Added Pin To Net: NetName=GND Pin=PB2-2
Added Pin To Net: NetName=GND Pin=PB2-2
Added Pin To Net: NetName=GND Pin=PB2-2
Added Pin To Net: NetName=GND Pin=PB2-2
Added Pin To Net: NetName=GND Pin=PB2-2
Added Pin To Net: NetName=GND Pin=PB2-2
Added Pin To Net: NetName=GND Pin=PB2-2
Added Pin To Net: NetName=GND Pin=PB2-2
Added Pin To Net: NetName=GND Pin=PB2-2
Added Pin To Net: NetName=GND Pin=PB2-2
Added Pin To Net: NetName=GND Pin=PB2-2
Added Pin To Net: NetName=GND Pin=PB2-2
Added Pin To Net: NetName=GND Pin=PB2-2
Added Pin To Net: NetName=GND Pin=PB2-2
Added Pin To Net: NetName=GND Pin=PB2-2
Added Pin To Net: NetName=GND Pin=PB2-2
Added Pin To Net: NetName=GND Pin=PB2-2
Added Pin To Net: NetName=GND Pin=PB2-2
Added Pin To Net: NetName=GND Pin=PB3-2
Added Pin To Net: NetName=GND Pin=PB3-2
Added Pin To Net: NetName=GND Pin=PB3-2
Added Pin To Net: NetName=GND Pin=PB3-2
Added Pin To Net: NetName=GND Pin=PB3-2
Added Pin To Net: NetName=GND Pin=PB3-2
Added Pin To Net: NetName=GND Pin=PB3-2
Added Pin To Net: NetName=GND Pin=PB3-2
Added Pin To Net: NetName=GND Pin=PB3-2
Added Pin To Net: NetName=GND Pin=PB3-2
Added Pin To Net: NetName=GND Pin=PB3-2
Added Pin To Net: NetName=GND Pin=PB3-2
Added Pin To Net: NetName=GND Pin=PB3-2
Added Pin To Net: NetName=GND Pin=PB3-2
Added Pin To Net: NetName=GND Pin=PB3-2
Added Pin To Net: NetName=GND Pin=PB3-2
Added Pin To Net: NetName=GND Pin=PB3-2
Added Pin To Net: NetName=GND Pin=PB3-2
Added Pin To Net: NetName=GND Pin=PB3-2
Added Pin To Net: NetName=GND Pin=PB3-2
Added Pin To Net: NetName=GND Pin=PB3-2
Added Pin To Net: NetName=GND Pin=PB3-2
Added Pin To Net: NetName=GND Pin=PB4-2
Added Pin To Net: NetName=GND Pin=PB4-2
Added Pin To Net: NetName=GND Pin=PB4-2
Added Pin To Net: NetName=GND Pin=PB4-2
Added Pin To Net: NetName=GND Pin=PB4-2
Added Pin To Net: NetName=GND Pin=PB4-2
Added Pin To Net: NetName=GND Pin=PB4-2
Added Pin To Net: NetName=GND Pin=PB4-2
Added Pin To Net: NetName=GND Pin=PB4-2
Added Pin To Net: NetName=GND Pin=PB4-2
Added Pin To Net: NetName=GND Pin=PB4-2
Added Pin To Net: NetName=GND Pin=PB4-2
Added Pin To Net: NetName=GND Pin=PB4-2
Added Pin To Net: NetName=GND Pin=PB4-2
Added Pin To Net: NetName=GND Pin=PB4-2
Added Pin To Net: NetName=GND Pin=PB4-2
Added Pin To Net: NetName=GND Pin=PB4-2
Added Pin To Net: NetName=GND Pin=PB4-2
Added Pin To Net: NetName=GND Pin=PB4-2
Added Pin To Net: NetName=GND Pin=PB4-2
Added Pin To Net: NetName=GND Pin=PB4-2
Added Pin To Net: NetName=GND Pin=PB4-2
Added Pin To Net: NetName=GND Pin=R17-2
Added Pin To Net: NetName=GND Pin=R18-2
Added Pin To Net: NetName=GND Pin=R19-2
Added Pin To Net: NetName=GND Pin=R20-2
Added Pin To Net: NetName=GND Pin=TP14-1
Added Pin To Net: NetName=GND Pin=U1-0
Added Pin To Net: NetName=GND Pin=U1-0
Added Pin To Net: NetName=GND Pin=U1-0
Added Pin To Net: NetName=GND Pin=U1-0
Added Pin To Net: NetName=GND Pin=U1-0
Added Pin To Net: NetName=GND Pin=U1-0
Added Pin To Net: NetName=GND Pin=U1-0
Added Pin To Net: NetName=GND Pin=U1-0
Added Pin To Net: NetName=GND Pin=U1-0
Added Pin To Net: NetName=GND Pin=U1-1
Added Pin To Net: NetName=GND Pin=U1-2
Added Pin To Net: NetName=GND Pin=U1-5
Added Pin To Net: NetName=GND Pin=U1-8
Added Pin To Net: NetName=GND Pin=U1-9
Added Pin To Net: NetName=GND Pin=U1-11
Added Pin To Net: NetName=GND Pin=U2-0
Added Pin To Net: NetName=GND Pin=U2-0
Added Pin To Net: NetName=GND Pin=U2-0
Added Pin To Net: NetName=GND Pin=U2-0
Added Pin To Net: NetName=GND Pin=U2-0
Added Pin To Net: NetName=GND Pin=U3-0
Added Pin To Net: NetName=GND Pin=U3-0
Added Pin To Net: NetName=GND Pin=U3-0
Added Pin To Net: NetName=GND Pin=U3-0
Added Pin To Net: NetName=GND Pin=U3-0
Added Pin To Net: NetName=GND Pin=U4-8
Added Pin To Net: NetName=GND Pin=U5-10
Added Pin To Net: NetName=GND Pin=U6-2
Added Pin To Net: NetName=GND Pin=U7-2
Added Pin To Net: NetName=GND Pin=U8-3
Added Pin To Net: NetName=GND Pin=U9-3
Added Pin To Net: NetName=GND Pin=U10-2
Added Pin To Net: NetName=GND Pin=U10-3
Added Pin To Net: NetName=GND Pin=U11-2
Added Pin To Net: NetName=GND Pin=U11-3
Added Pin To Net: NetName=GND Pin=U12-2
Added Pin To Net: NetName=GND Pin=U12-3
Added Pin To Net: NetName=GND Pin=U13-2
Added Pin To Net: NetName=GND Pin=U13-3
Added Pin To Net: NetName=GND Pin=U14-3
Added Pin To Net: NetName=GND Pin=U15-3
Added Pin To Net: NetName=GND Pin=U16-2
Added Pin To Net: NetName=GND Pin=U16-3
Added Net: Name=GND
Added Pin To Net: NetName=LED_EN2 Pin=R20-1
Added Pin To Net: NetName=LED_EN2 Pin=U4-7
Added Pin To Net: NetName=LED_EN2 Pin=U6-1
Added Pin To Net: NetName=LED_EN2 Pin=U7-1
Added Net: Name=LED_EN2
Added Pin To Net: NetName=NetC1_1 Pin=C1-1
Added Pin To Net: NetName=NetC1_1 Pin=D1-1
Added Pin To Net: NetName=NetC1_1 Pin=U2-5
Added Net: Name=NetC1_1
Added Pin To Net: NetName=NetC1_2 Pin=C1-2
Added Pin To Net: NetName=NetC1_2 Pin=PA2-1
Added Net: Name=NetC1_2
Added Pin To Net: NetName=NetC2_1 Pin=C2-1
Added Pin To Net: NetName=NetC2_1 Pin=D2-1
Added Pin To Net: NetName=NetC2_1 Pin=U2-10
Added Net: Name=NetC2_1
Added Pin To Net: NetName=NetC2_2 Pin=C2-2
Added Pin To Net: NetName=NetC2_2 Pin=PA4-1
Added Net: Name=NetC2_2
Added Pin To Net: NetName=NetC3_1 Pin=C3-1
Added Pin To Net: NetName=NetC3_1 Pin=D3-1
Added Pin To Net: NetName=NetC3_1 Pin=U3-1
Added Net: Name=NetC3_1
Added Pin To Net: NetName=NetC3_2 Pin=C3-2
Added Pin To Net: NetName=NetC3_2 Pin=PB2-1
Added Net: Name=NetC3_2
Added Pin To Net: NetName=NetC4_1 Pin=C4-1
Added Pin To Net: NetName=NetC4_1 Pin=D4-1
Added Pin To Net: NetName=NetC4_1 Pin=U3-6
Added Net: Name=NetC4_1
Added Pin To Net: NetName=NetC4_2 Pin=C4-2
Added Pin To Net: NetName=NetC4_2 Pin=PB4-1
Added Net: Name=NetC4_2
Added Pin To Net: NetName=NetC5_1 Pin=C5-1
Added Pin To Net: NetName=NetC5_1 Pin=D5-1
Added Pin To Net: NetName=NetC5_1 Pin=U2-6
Added Net: Name=NetC5_1
Added Pin To Net: NetName=NetC5_2 Pin=C5-2
Added Pin To Net: NetName=NetC5_2 Pin=PA1-1
Added Net: Name=NetC5_2
Added Pin To Net: NetName=NetC6_1 Pin=C6-1
Added Pin To Net: NetName=NetC6_1 Pin=D6-1
Added Pin To Net: NetName=NetC6_1 Pin=U2-1
Added Net: Name=NetC6_1
Added Pin To Net: NetName=NetC6_2 Pin=C6-2
Added Pin To Net: NetName=NetC6_2 Pin=PA3-1
Added Net: Name=NetC6_2
Added Pin To Net: NetName=NetC7_1 Pin=C7-1
Added Pin To Net: NetName=NetC7_1 Pin=D7-1
Added Pin To Net: NetName=NetC7_1 Pin=U3-10
Added Net: Name=NetC7_1
Added Pin To Net: NetName=NetC7_2 Pin=C7-2
Added Pin To Net: NetName=NetC7_2 Pin=PB1-1
Added Net: Name=NetC7_2
Added Pin To Net: NetName=NetC8_1 Pin=C8-1
Added Pin To Net: NetName=NetC8_1 Pin=D8-1
Added Pin To Net: NetName=NetC8_1 Pin=U3-5
Added Net: Name=NetC8_1
Added Pin To Net: NetName=NetC8_2 Pin=C8-2
Added Pin To Net: NetName=NetC8_2 Pin=PB3-1
Added Net: Name=NetC8_2
Added Pin To Net: NetName=NetC9_1 Pin=C9-1
Added Pin To Net: NetName=NetC9_1 Pin=U1-6
Added Net: Name=NetC9_1
Added Pin To Net: NetName=NetC9_2 Pin=C9-2
Added Pin To Net: NetName=NetC9_2 Pin=U2-8
Added Net: Name=NetC9_2
Added Pin To Net: NetName=NetC10_1 Pin=C10-1
Added Pin To Net: NetName=NetC10_1 Pin=U3-8
Added Net: Name=NetC10_1
Added Pin To Net: NetName=NetC10_2 Pin=C10-2
Added Pin To Net: NetName=NetC10_2 Pin=U1-4
Added Net: Name=NetC10_2
Added Pin To Net: NetName=NetC11_1 Pin=C11-1
Added Pin To Net: NetName=NetC11_1 Pin=D9-1
Added Pin To Net: NetName=NetC11_1 Pin=U1-10
Added Net: Name=NetC11_1
Added Pin To Net: NetName=NetC11_2 Pin=C11-2
Added Pin To Net: NetName=NetC11_2 Pin=PA0-1
Added Net: Name=NetC11_2
Added Pin To Net: NetName=NetC12_1 Pin=C12-1
Added Pin To Net: NetName=NetC12_1 Pin=D10-1
Added Pin To Net: NetName=NetC12_1 Pin=U1-12
Added Net: Name=NetC12_1
Added Pin To Net: NetName=NetC12_2 Pin=C12-2
Added Pin To Net: NetName=NetC12_2 Pin=PB0-1
Added Net: Name=NetC12_2
Added Pin To Net: NetName=NetDA0_1 Pin=DA0-1
Added Pin To Net: NetName=NetDA0_1 Pin=R5-1
Added Net: Name=NetDA0_1
Added Pin To Net: NetName=NetDAG1_1 Pin=DAG1-1
Added Pin To Net: NetName=NetDAG1_1 Pin=DAG2-1
Added Pin To Net: NetName=NetDAG1_1 Pin=DAG3-1
Added Pin To Net: NetName=NetDAG1_1 Pin=DAG4-1
Added Pin To Net: NetName=NetDAG1_1 Pin=R1-1
Added Net: Name=NetDAG1_1
Added Pin To Net: NetName=NetDAY1_1 Pin=DAY1-1
Added Pin To Net: NetName=NetDAY1_1 Pin=DAY2-1
Added Pin To Net: NetName=NetDAY1_1 Pin=DAY3-1
Added Pin To Net: NetName=NetDAY1_1 Pin=DAY4-1
Added Pin To Net: NetName=NetDAY1_1 Pin=R2-1
Added Net: Name=NetDAY1_1
Added Pin To Net: NetName=NetDB0_1 Pin=DB0-1
Added Pin To Net: NetName=NetDB0_1 Pin=R6-1
Added Net: Name=NetDB0_1
Added Pin To Net: NetName=NetDBG1_1 Pin=DBG1-1
Added Pin To Net: NetName=NetDBG1_1 Pin=DBG2-1
Added Pin To Net: NetName=NetDBG1_1 Pin=DBG3-1
Added Pin To Net: NetName=NetDBG1_1 Pin=DBG4-1
Added Pin To Net: NetName=NetDBG1_1 Pin=R3-1
Added Net: Name=NetDBG1_1
Added Pin To Net: NetName=NetDBY1_1 Pin=DBY1-1
Added Pin To Net: NetName=NetDBY1_1 Pin=DBY2-1
Added Pin To Net: NetName=NetDBY1_1 Pin=DBY3-1
Added Pin To Net: NetName=NetDBY1_1 Pin=DBY4-1
Added Pin To Net: NetName=NetDBY1_1 Pin=R4-1
Added Net: Name=NetDBY1_1
Added Pin To Net: NetName=NetR1_2 Pin=R1-2
Added Pin To Net: NetName=NetR1_2 Pin=R4-2
Added Pin To Net: NetName=NetR1_2 Pin=U6-4
Added Net: Name=NetR1_2
Added Pin To Net: NetName=NetR2_2 Pin=R2-2
Added Pin To Net: NetName=NetR2_2 Pin=R3-2
Added Pin To Net: NetName=NetR2_2 Pin=U7-4
Added Net: Name=NetR2_2
Added Pin To Net: NetName=SCL Pin=J2-40
Added Pin To Net: NetName=SCL Pin=P22-26
Added Pin To Net: NetName=SCL Pin=R7-2
Added Pin To Net: NetName=SCL Pin=TP27-1
Added Pin To Net: NetName=SCL Pin=U4-1
Added Net: Name=SCL
Added Pin To Net: NetName=SDA Pin=J2-39
Added Pin To Net: NetName=SDA Pin=P22-24
Added Pin To Net: NetName=SDA Pin=R8-2
Added Pin To Net: NetName=SDA Pin=TP26-1
Added Pin To Net: NetName=SDA Pin=U4-2
Added Net: Name=SDA
Added Pin To Net: NetName=U1CTRL Pin=R16-1
Added Pin To Net: NetName=U1CTRL Pin=TP9-1
Added Pin To Net: NetName=U1CTRL Pin=U4-9
Added Pin To Net: NetName=U1CTRL Pin=U5-14
Added Pin To Net: NetName=U1CTRL Pin=U16-1
Added Net: Name=U1CTRL
Added Pin To Net: NetName=U1VC1 Pin=C18-2
Added Pin To Net: NetName=U1VC1 Pin=TP16-1
Added Pin To Net: NetName=U1VC1 Pin=U1-3
Added Pin To Net: NetName=U1VC1 Pin=U7-6
Added Pin To Net: NetName=U1VC1 Pin=U16-4
Added Net: Name=U1VC1
Added Pin To Net: NetName=U1VC2 Pin=C17-2
Added Pin To Net: NetName=U1VC2 Pin=TP17-1
Added Pin To Net: NetName=U1VC2 Pin=U1-7
Added Pin To Net: NetName=U1VC2 Pin=U6-6
Added Pin To Net: NetName=U1VC2 Pin=U16-6
Added Net: Name=U1VC2
Added Pin To Net: NetName=U2CTRL0 Pin=R13-1
Added Pin To Net: NetName=U2CTRL0 Pin=TP10-1
Added Pin To Net: NetName=U2CTRL0 Pin=U4-12
Added Pin To Net: NetName=U2CTRL0 Pin=U5-17
Added Pin To Net: NetName=U2CTRL0 Pin=U8-2
Added Pin To Net: NetName=U2CTRL0 Pin=U10-1
Added Pin To Net: NetName=U2CTRL0 Pin=U12-6
Added Pin To Net: NetName=U2CTRL0 Pin=U14-2
Added Net: Name=U2CTRL0
Added Pin To Net: NetName=U2CTRL1 Pin=R12-1
Added Pin To Net: NetName=U2CTRL1 Pin=TP11-1
Added Pin To Net: NetName=U2CTRL1 Pin=U4-13
Added Pin To Net: NetName=U2CTRL1 Pin=U5-18
Added Pin To Net: NetName=U2CTRL1 Pin=U8-1
Added Pin To Net: NetName=U2CTRL1 Pin=U10-6
Added Pin To Net: NetName=U2CTRL1 Pin=U12-1
Added Pin To Net: NetName=U2CTRL1 Pin=U14-1
Added Net: Name=U2CTRL1
Added Pin To Net: NetName=U2V1 Pin=C14-1
Added Pin To Net: NetName=U2V1 Pin=DAG2-2
Added Pin To Net: NetName=U2V1 Pin=DAY2-2
Added Pin To Net: NetName=U2V1 Pin=TP18-1
Added Pin To Net: NetName=U2V1 Pin=U2-4
Added Pin To Net: NetName=U2V1 Pin=U12-4
Added Net: Name=U2V1
Added Pin To Net: NetName=U2V2 Pin=C15-2
Added Pin To Net: NetName=U2V2 Pin=DAG3-2
Added Pin To Net: NetName=U2V2 Pin=DAY3-2
Added Pin To Net: NetName=U2V2 Pin=TP19-1
Added Pin To Net: NetName=U2V2 Pin=U2-2
Added Pin To Net: NetName=U2V2 Pin=U10-4
Added Net: Name=U2V2
Added Pin To Net: NetName=U2V3 Pin=C13-1
Added Pin To Net: NetName=U2V3 Pin=DAG1-2
Added Pin To Net: NetName=U2V3 Pin=DAY1-2
Added Pin To Net: NetName=U2V3 Pin=TP20-1
Added Pin To Net: NetName=U2V3 Pin=U2-7
Added Pin To Net: NetName=U2V3 Pin=U14-4
Added Net: Name=U2V3
Added Pin To Net: NetName=U2V4 Pin=C16-2
Added Pin To Net: NetName=U2V4 Pin=DAG4-2
Added Pin To Net: NetName=U2V4 Pin=DAY4-2
Added Pin To Net: NetName=U2V4 Pin=TP21-1
Added Pin To Net: NetName=U2V4 Pin=U2-9
Added Pin To Net: NetName=U2V4 Pin=U8-4
Added Net: Name=U2V4
Added Pin To Net: NetName=U3CTRL0 Pin=R15-1
Added Pin To Net: NetName=U3CTRL0 Pin=TP12-1
Added Pin To Net: NetName=U3CTRL0 Pin=U4-10
Added Pin To Net: NetName=U3CTRL0 Pin=U5-15
Added Pin To Net: NetName=U3CTRL0 Pin=U9-2
Added Pin To Net: NetName=U3CTRL0 Pin=U11-1
Added Pin To Net: NetName=U3CTRL0 Pin=U13-6
Added Pin To Net: NetName=U3CTRL0 Pin=U15-2
Added Net: Name=U3CTRL0
Added Pin To Net: NetName=U3CTRL1 Pin=R14-1
Added Pin To Net: NetName=U3CTRL1 Pin=TP13-1
Added Pin To Net: NetName=U3CTRL1 Pin=U4-11
Added Pin To Net: NetName=U3CTRL1 Pin=U5-16
Added Pin To Net: NetName=U3CTRL1 Pin=U9-1
Added Pin To Net: NetName=U3CTRL1 Pin=U11-6
Added Pin To Net: NetName=U3CTRL1 Pin=U13-1
Added Pin To Net: NetName=U3CTRL1 Pin=U15-1
Added Net: Name=U3CTRL1
Added Pin To Net: NetName=U3V1 Pin=C20-1
Added Pin To Net: NetName=U3V1 Pin=DBG3-2
Added Pin To Net: NetName=U3V1 Pin=DBY3-2
Added Pin To Net: NetName=U3V1 Pin=TP22-1
Added Pin To Net: NetName=U3V1 Pin=U3-4
Added Pin To Net: NetName=U3V1 Pin=U11-4
Added Net: Name=U3V1
Added Pin To Net: NetName=U3V2 Pin=C21-2
Added Pin To Net: NetName=U3V2 Pin=DBG2-2
Added Pin To Net: NetName=U3V2 Pin=DBY2-2
Added Pin To Net: NetName=U3V2 Pin=TP23-1
Added Pin To Net: NetName=U3V2 Pin=U3-2
Added Pin To Net: NetName=U3V2 Pin=U13-4
Added Net: Name=U3V2
Added Pin To Net: NetName=U3V3 Pin=C19-1
Added Pin To Net: NetName=U3V3 Pin=DBG4-2
Added Pin To Net: NetName=U3V3 Pin=DBY4-2
Added Pin To Net: NetName=U3V3 Pin=TP24-1
Added Pin To Net: NetName=U3V3 Pin=U3-7
Added Pin To Net: NetName=U3V3 Pin=U9-4
Added Net: Name=U3V3
Added Pin To Net: NetName=U3V4 Pin=C22-2
Added Pin To Net: NetName=U3V4 Pin=DBG1-2
Added Pin To Net: NetName=U3V4 Pin=DBY1-2
Added Pin To Net: NetName=U3V4 Pin=TP25-1
Added Pin To Net: NetName=U3V4 Pin=U3-9
Added Pin To Net: NetName=U3V4 Pin=U15-4
Added Net: Name=U3V4
Added Pin To Net: NetName=VCC Pin=C23-2
Added Pin To Net: NetName=VCC Pin=C24-2
Added Pin To Net: NetName=VCC Pin=C25-2
Added Pin To Net: NetName=VCC Pin=C26-2
Added Pin To Net: NetName=VCC Pin=C27-2
Added Pin To Net: NetName=VCC Pin=C28-2
Added Pin To Net: NetName=VCC Pin=C29-2
Added Pin To Net: NetName=VCC Pin=C30-2
Added Pin To Net: NetName=VCC Pin=C31-2
Added Pin To Net: NetName=VCC Pin=C32-2
Added Pin To Net: NetName=VCC Pin=C33-2
Added Pin To Net: NetName=VCC Pin=C34-2
Added Pin To Net: NetName=VCC Pin=C35-2
Added Pin To Net: NetName=VCC Pin=DA0-2
Added Pin To Net: NetName=VCC Pin=DB0-2
Added Pin To Net: NetName=VCC Pin=J1-2
Added Pin To Net: NetName=VCC Pin=P1-1
Added Pin To Net: NetName=VCC Pin=P1-3
Added Pin To Net: NetName=VCC Pin=P1-5
Added Pin To Net: NetName=VCC Pin=P20-3
Added Pin To Net: NetName=VCC Pin=P22-11
Added Pin To Net: NetName=VCC Pin=P28-1
Added Pin To Net: NetName=VCC Pin=R7-1
Added Pin To Net: NetName=VCC Pin=R8-1
Added Pin To Net: NetName=VCC Pin=R9-1
Added Pin To Net: NetName=VCC Pin=R10-2
Added Pin To Net: NetName=VCC Pin=R11-2
Added Pin To Net: NetName=VCC Pin=R12-2
Added Pin To Net: NetName=VCC Pin=R13-2
Added Pin To Net: NetName=VCC Pin=R14-2
Added Pin To Net: NetName=VCC Pin=R15-2
Added Pin To Net: NetName=VCC Pin=R16-2
Added Pin To Net: NetName=VCC Pin=TP15-1
Added Pin To Net: NetName=VCC Pin=U4-16
Added Pin To Net: NetName=VCC Pin=U5-20
Added Pin To Net: NetName=VCC Pin=U6-3
Added Pin To Net: NetName=VCC Pin=U6-5
Added Pin To Net: NetName=VCC Pin=U7-3
Added Pin To Net: NetName=VCC Pin=U7-5
Added Pin To Net: NetName=VCC Pin=U8-5
Added Pin To Net: NetName=VCC Pin=U9-5
Added Pin To Net: NetName=VCC Pin=U10-5
Added Pin To Net: NetName=VCC Pin=U11-5
Added Pin To Net: NetName=VCC Pin=U12-5
Added Pin To Net: NetName=VCC Pin=U13-5
Added Pin To Net: NetName=VCC Pin=U14-5
Added Pin To Net: NetName=VCC Pin=U15-5
Added Pin To Net: NetName=VCC Pin=U16-5
Added Net: Name=VCC
